2022-03-02 17:25:45,089 [Worker-5: Loading available Gradle versions] INFO  o.e.b.c.i.u.g.PublishedGradleVersions - Gradle version information cache is out-of-date. Trying to update.
2022-03-02 17:26:53,671 [Worker-8: Building] INFO  o.e.m.c.i.l.LifecycleMappingFactory - Using org.eclipse.m2e.jdt.JarLifecycleMapping lifecycle mapping for MavenProject: com.seleniumexpress.hibernate:hibernate-first-project:0.0.1-SNAPSHOT @ C:\Users\User\Documents\Hibernate\Hibernate-Abhilash\Hibernate-Abhilash\hibernate-first-project\pom.xml.
2022-03-02 17:26:53,671 [Worker-5: Updating Maven Dependencies] INFO  o.e.m.c.i.l.LifecycleMappingFactory - Using org.eclipse.m2e.jdt.JarLifecycleMapping lifecycle mapping for MavenProject: com.seleniumexpress.hibernate:hibernate-first-project:0.0.1-SNAPSHOT @ C:\Users\User\Documents\Hibernate\Hibernate-Abhilash\Hibernate-Abhilash\hibernate-first-project\pom.xml.
2022-03-02 17:26:56,859 [Worker-8: Building] INFO  o.e.m.c.i.e.AbstractTransferListenerAdapter - Downloading https://repo.maven.apache.org/maven2/mysql/mysql-connector-java/8.0.27/mysql-connector-java-8.0.27.pom
2022-03-02 17:26:56,859 [Worker-5: Updating Maven Dependencies] INFO  o.e.m.c.i.e.AbstractTransferListenerAdapter - Downloading https://repo.maven.apache.org/maven2/mysql/mysql-connector-java/8.0.27/mysql-connector-java-8.0.27.pom
2022-03-02 17:26:57,390 [Worker-5: Updating Maven Dependencies] INFO  o.e.m.c.i.e.AbstractTransferListenerAdapter - Downloaded https://repo.maven.apache.org/maven2/mysql/mysql-connector-java/8.0.27/mysql-connector-java-8.0.27.pom
2022-03-02 17:26:57,605 [Worker-8: Building] INFO  o.e.m.c.i.e.AbstractTransferListenerAdapter - Downloaded https://repo.maven.apache.org/maven2/mysql/mysql-connector-java/8.0.27/mysql-connector-java-8.0.27.pom
2022-03-02 17:26:58,005 [Worker-5: Updating Maven Dependencies] INFO  o.e.m.c.i.e.AbstractTransferListenerAdapter - Downloading https://repo.maven.apache.org/maven2/mysql/mysql-connector-java/8.0.27/mysql-connector-java-8.0.27.jar
2022-03-02 17:26:58,021 [Worker-8: Building] INFO  o.e.m.c.i.e.AbstractTransferListenerAdapter - Downloading https://repo.maven.apache.org/maven2/mysql/mysql-connector-java/8.0.27/mysql-connector-java-8.0.27.jar
2022-03-02 17:27:00,715 [Worker-5: Updating Maven Dependencies] INFO  o.e.m.c.i.e.AbstractTransferListenerAdapter - Downloaded https://repo.maven.apache.org/maven2/mysql/mysql-connector-java/8.0.27/mysql-connector-java-8.0.27.jar
2022-03-02 17:27:00,776 [Worker-8: Building] INFO  o.e.m.c.i.e.AbstractTransferListenerAdapter - Downloaded https://repo.maven.apache.org/maven2/mysql/mysql-connector-java/8.0.27/mysql-connector-java-8.0.27.jar
2022-03-02 17:27:03,574 [Worker-2: Download sources and javadoc] INFO  o.e.m.c.i.e.AbstractTransferListenerAdapter - Downloading https://repo.maven.apache.org/maven2/mysql/mysql-connector-java/8.0.27/mysql-connector-java-8.0.27-sources.jar
2022-03-02 17:27:04,888 [Worker-8: Building] INFO  o.e.m.c.i.embedder.EclipseLogger - Using 'UTF-8' encoding to copy filtered resources.
2022-03-02 17:27:04,903 [Worker-8: Building] INFO  o.e.m.c.i.embedder.EclipseLogger - Copying 1 resource
2022-03-02 17:27:04,924 [Worker-8: Building] INFO  o.e.m.c.i.embedder.EclipseLogger - Using 'UTF-8' encoding to copy filtered resources.
2022-03-02 17:27:04,925 [Worker-8: Building] INFO  o.e.m.c.i.embedder.EclipseLogger - skip non existing resourceDirectory C:\Users\User\Documents\Hibernate\Hibernate-Abhilash\Hibernate-Abhilash\hibernate-first-project\src\test\resources
2022-03-02 17:27:05,881 [Worker-2: Download sources and javadoc] INFO  o.e.m.c.i.e.AbstractTransferListenerAdapter - Downloaded https://repo.maven.apache.org/maven2/mysql/mysql-connector-java/8.0.27/mysql-connector-java-8.0.27-sources.jar
2022-03-02 17:27:05,887 [Worker-2: Download sources and javadoc] INFO  o.e.m.j.internal.DownloadSourcesJob - Downloaded sources for mysql:mysql-connector-java:8.0.27
2022-03-02 17:27:07,432 [Worker-1: Updating Maven Dependencies] INFO  o.e.m.c.i.l.LifecycleMappingFactory - Using org.eclipse.m2e.jdt.JarLifecycleMapping lifecycle mapping for MavenProject: com.seleniumexpress.hibernate:hibernate-first-project:0.0.1-SNAPSHOT @ C:\Users\User\Documents\Hibernate\Hibernate-Abhilash\Hibernate-Abhilash\hibernate-first-project\pom.xml.
2022-03-02 17:27:07,839 [Worker-4: Building] INFO  o.e.m.c.i.embedder.EclipseLogger - Using 'UTF-8' encoding to copy filtered resources.
2022-03-02 17:27:07,847 [Worker-4: Building] INFO  o.e.m.c.i.embedder.EclipseLogger - Copying 1 resource
2022-03-02 17:27:07,864 [Worker-4: Building] INFO  o.e.m.c.i.embedder.EclipseLogger - Using 'UTF-8' encoding to copy filtered resources.
2022-03-02 17:27:07,865 [Worker-4: Building] INFO  o.e.m.c.i.embedder.EclipseLogger - skip non existing resourceDirectory C:\Users\User\Documents\Hibernate\Hibernate-Abhilash\Hibernate-Abhilash\hibernate-first-project\src\test\resources
2022-03-02 17:27:09,112 [Worker-6: Building] INFO  o.e.m.c.i.embedder.EclipseLogger - Using 'UTF-8' encoding to copy filtered resources.
2022-03-02 17:27:09,113 [Worker-6: Building] INFO  o.e.m.c.i.embedder.EclipseLogger - Copying 0 resource
2022-03-02 17:27:09,118 [Worker-6: Building] INFO  o.e.m.c.i.embedder.EclipseLogger - Using 'UTF-8' encoding to copy filtered resources.
2022-03-02 17:27:09,120 [Worker-6: Building] INFO  o.e.m.c.i.embedder.EclipseLogger - skip non existing resourceDirectory C:\Users\User\Documents\Hibernate\Hibernate-Abhilash\Hibernate-Abhilash\hibernate-first-project\src\test\resources
2022-03-02 17:39:55,751 [Worker-0: Building] INFO  o.e.m.c.i.embedder.EclipseLogger - Using 'UTF-8' encoding to copy filtered resources.
2022-03-02 17:39:55,752 [Worker-0: Building] INFO  o.e.m.c.i.embedder.EclipseLogger - Copying 0 resource
2022-03-02 17:39:55,755 [Worker-0: Building] INFO  o.e.m.c.i.embedder.EclipseLogger - Using 'UTF-8' encoding to copy filtered resources.
2022-03-02 17:39:55,755 [Worker-0: Building] INFO  o.e.m.c.i.embedder.EclipseLogger - skip non existing resourceDirectory C:\Users\User\Documents\Hibernate\Hibernate-Abhilash\Hibernate-Abhilash\hibernate-first-project\src\test\resources
2022-03-02 17:44:46,074 [Worker-11: Building] INFO  o.e.m.c.i.embedder.EclipseLogger - Using 'UTF-8' encoding to copy filtered resources.
2022-03-02 17:44:46,075 [Worker-11: Building] INFO  o.e.m.c.i.embedder.EclipseLogger - Copying 1 resource
2022-03-02 17:44:46,077 [Worker-11: Building] INFO  o.e.m.c.i.embedder.EclipseLogger - Using 'UTF-8' encoding to copy filtered resources.
2022-03-02 17:44:46,078 [Worker-11: Building] INFO  o.e.m.c.i.embedder.EclipseLogger - skip non existing resourceDirectory C:\Users\User\Documents\Hibernate\Hibernate-Abhilash\Hibernate-Abhilash\hibernate-first-project\src\test\resources
2022-03-02 17:53:02,418 [Worker-17: Building] INFO  o.e.m.c.i.embedder.EclipseLogger - Using 'UTF-8' encoding to copy filtered resources.
2022-03-02 17:53:02,421 [Worker-17: Building] INFO  o.e.m.c.i.embedder.EclipseLogger - Copying 1 resource
2022-03-02 17:53:02,428 [Worker-17: Building] INFO  o.e.m.c.i.embedder.EclipseLogger - Using 'UTF-8' encoding to copy filtered resources.
2022-03-02 17:53:02,429 [Worker-17: Building] INFO  o.e.m.c.i.embedder.EclipseLogger - skip non existing resourceDirectory C:\Users\User\Documents\Hibernate\Hibernate-Abhilash\Hibernate-Abhilash\hibernate-first-project\src\test\resources
2022-03-02 17:56:18,223 [Worker-22: Building] INFO  o.e.m.c.i.embedder.EclipseLogger - Using 'UTF-8' encoding to copy filtered resources.
2022-03-02 17:56:18,224 [Worker-22: Building] INFO  o.e.m.c.i.embedder.EclipseLogger - Copying 1 resource
2022-03-02 17:56:18,226 [Worker-22: Building] INFO  o.e.m.c.i.embedder.EclipseLogger - Using 'UTF-8' encoding to copy filtered resources.
2022-03-02 17:56:18,226 [Worker-22: Building] INFO  o.e.m.c.i.embedder.EclipseLogger - skip non existing resourceDirectory C:\Users\User\Documents\Hibernate\Hibernate-Abhilash\Hibernate-Abhilash\hibernate-first-project\src\test\resources
2022-03-02 18:02:51,771 [Worker-23: Launching CreateApp] INFO  o.e.m.c.i.embedder.EclipseLogger - Using 'UTF-8' encoding to copy filtered resources.
2022-03-02 18:02:51,773 [Worker-23: Launching CreateApp] INFO  o.e.m.c.i.embedder.EclipseLogger - Copying 1 resource
2022-03-02 18:02:51,775 [Worker-23: Launching CreateApp] INFO  o.e.m.c.i.embedder.EclipseLogger - Using 'UTF-8' encoding to copy filtered resources.
2022-03-02 18:02:51,775 [Worker-23: Launching CreateApp] INFO  o.e.m.c.i.embedder.EclipseLogger - skip non existing resourceDirectory C:\Users\User\Documents\Hibernate\Hibernate-Abhilash\Hibernate-Abhilash\hibernate-first-project\src\test\resources
2022-03-02 18:09:34,153 [Worker-28: Building] INFO  o.e.m.c.i.embedder.EclipseLogger - Using 'UTF-8' encoding to copy filtered resources.
2022-03-02 18:09:34,154 [Worker-28: Building] INFO  o.e.m.c.i.embedder.EclipseLogger - Copying 1 resource
2022-03-02 18:09:34,158 [Worker-28: Building] INFO  o.e.m.c.i.embedder.EclipseLogger - Using 'UTF-8' encoding to copy filtered resources.
2022-03-02 18:09:34,158 [Worker-28: Building] INFO  o.e.m.c.i.embedder.EclipseLogger - skip non existing resourceDirectory C:\Users\User\Documents\Hibernate\Hibernate-Abhilash\Hibernate-Abhilash\hibernate-first-project\src\test\resources
2022-03-02 18:16:31,718 [Worker-33: Building] INFO  o.e.m.c.i.embedder.EclipseLogger - Using 'UTF-8' encoding to copy filtered resources.
2022-03-02 18:16:31,719 [Worker-33: Building] INFO  o.e.m.c.i.embedder.EclipseLogger - Copying 1 resource
2022-03-02 18:16:31,721 [Worker-33: Building] INFO  o.e.m.c.i.embedder.EclipseLogger - Using 'UTF-8' encoding to copy filtered resources.
2022-03-02 18:16:31,721 [Worker-33: Building] INFO  o.e.m.c.i.embedder.EclipseLogger - skip non existing resourceDirectory C:\Users\User\Documents\Hibernate\Hibernate-Abhilash\Hibernate-Abhilash\hibernate-first-project\src\test\resources
2022-03-02 18:17:13,086 [Worker-26: Building] INFO  o.e.m.c.i.embedder.EclipseLogger - Using 'UTF-8' encoding to copy filtered resources.
2022-03-02 18:17:13,088 [Worker-26: Building] INFO  o.e.m.c.i.embedder.EclipseLogger - Copying 1 resource
2022-03-02 18:17:13,089 [Worker-26: Building] INFO  o.e.m.c.i.embedder.EclipseLogger - Using 'UTF-8' encoding to copy filtered resources.
2022-03-02 18:17:13,090 [Worker-26: Building] INFO  o.e.m.c.i.embedder.EclipseLogger - skip non existing resourceDirectory C:\Users\User\Documents\Hibernate\Hibernate-Abhilash\Hibernate-Abhilash\hibernate-first-project\src\test\resources
2022-03-02 18:18:11,634 [Worker-2: Loading available Gradle versions] INFO  o.e.b.c.i.u.g.PublishedGradleVersions - Gradle version information cache is up-to-date. Trying to read.
2022-03-02 18:29:01,076 [Worker-8: Building] INFO  o.e.m.c.i.embedder.EclipseLogger - Using 'UTF-8' encoding to copy filtered resources.
2022-03-02 18:29:01,082 [Worker-8: Building] INFO  o.e.m.c.i.embedder.EclipseLogger - Copying 1 resource
2022-03-02 18:29:01,093 [Worker-8: Building] INFO  o.e.m.c.i.embedder.EclipseLogger - Using 'UTF-8' encoding to copy filtered resources.
2022-03-02 18:29:01,093 [Worker-8: Building] INFO  o.e.m.c.i.embedder.EclipseLogger - skip non existing resourceDirectory C:\Users\User\Documents\Hibernate\Hibernate-Abhilash\Hibernate-Abhilash\hibernate-first-project\src\test\resources
2022-03-02 18:29:17,216 [Worker-18: Building] INFO  o.e.m.c.i.embedder.EclipseLogger - Using 'UTF-8' encoding to copy filtered resources.
2022-03-02 18:29:17,220 [Worker-18: Building] INFO  o.e.m.c.i.embedder.EclipseLogger - Copying 1 resource
2022-03-02 18:29:17,222 [Worker-18: Building] INFO  o.e.m.c.i.embedder.EclipseLogger - Using 'UTF-8' encoding to copy filtered resources.
2022-03-02 18:29:17,223 [Worker-18: Building] INFO  o.e.m.c.i.embedder.EclipseLogger - skip non existing resourceDirectory C:\Users\User\Documents\Hibernate\Hibernate-Abhilash\Hibernate-Abhilash\hibernate-first-project\src\test\resources
2022-03-02 21:21:53,942 [Worker-5: Loading available Gradle versions] INFO  o.e.b.c.i.u.g.PublishedGradleVersions - Gradle version information cache is up-to-date. Trying to read.
2022-03-02 21:44:43,666 [Worker-8: Building] INFO  o.e.m.c.i.embedder.EclipseLogger - Using 'UTF-8' encoding to copy filtered resources.
2022-03-02 21:44:43,677 [Worker-8: Building] INFO  o.e.m.c.i.embedder.EclipseLogger - Copying 1 resource
2022-03-02 21:44:43,690 [Worker-8: Building] INFO  o.e.m.c.i.embedder.EclipseLogger - Using 'UTF-8' encoding to copy filtered resources.
2022-03-02 21:44:43,690 [Worker-8: Building] INFO  o.e.m.c.i.embedder.EclipseLogger - skip non existing resourceDirectory C:\Users\User\Documents\Hibernate\Hibernate-Abhilash\Hibernate-Abhilash\hibernate-first-project\src\test\resources
2022-03-02 21:45:56,919 [Worker-12: Building] INFO  o.e.m.c.i.l.LifecycleMappingFactory - Using org.eclipse.m2e.jdt.JarLifecycleMapping lifecycle mapping for MavenProject: com.seleniumexpress.hibernate:hibernate-first-project:0.0.1-SNAPSHOT @ C:\Users\User\Documents\Hibernate\Hibernate-Abhilash\Hibernate-Abhilash\hibernate-first-project\pom.xml.
2022-03-02 21:45:57,605 [Worker-12: Building] INFO  o.e.m.c.i.embedder.EclipseLogger - Using 'UTF-8' encoding to copy filtered resources.
2022-03-02 21:45:57,607 [Worker-12: Building] INFO  o.e.m.c.i.embedder.EclipseLogger - Copying 0 resource
2022-03-02 21:45:57,611 [Worker-12: Building] INFO  o.e.m.c.i.embedder.EclipseLogger - Using 'UTF-8' encoding to copy filtered resources.
2022-03-02 21:45:57,611 [Worker-12: Building] INFO  o.e.m.c.i.embedder.EclipseLogger - skip non existing resourceDirectory C:\Users\User\Documents\Hibernate\Hibernate-Abhilash\Hibernate-Abhilash\hibernate-first-project\src\test\resources
2022-03-02 21:54:12,404 [Worker-12: Building] INFO  o.e.m.c.i.embedder.EclipseLogger - Using 'UTF-8' encoding to copy filtered resources.
2022-03-02 21:54:12,416 [Worker-12: Building] INFO  o.e.m.c.i.embedder.EclipseLogger - Copying 1 resource
2022-03-02 21:54:12,461 [Worker-12: Building] INFO  o.e.m.c.i.embedder.EclipseLogger - Using 'UTF-8' encoding to copy filtered resources.
2022-03-02 21:54:12,462 [Worker-12: Building] INFO  o.e.m.c.i.embedder.EclipseLogger - skip non existing resourceDirectory C:\Users\User\Documents\Hibernate\Hibernate-Abhilash\Hibernate-Abhilash\hibernate-first-project\src\test\resources
2022-03-02 21:54:16,306 [Worker-12: Building] INFO  o.e.m.c.i.embedder.EclipseLogger - Using 'UTF-8' encoding to copy filtered resources.
2022-03-02 21:54:16,307 [Worker-12: Building] INFO  o.e.m.c.i.embedder.EclipseLogger - Copying 1 resource
2022-03-02 21:54:16,310 [Worker-12: Building] INFO  o.e.m.c.i.embedder.EclipseLogger - Using 'UTF-8' encoding to copy filtered resources.
2022-03-02 21:54:16,310 [Worker-12: Building] INFO  o.e.m.c.i.embedder.EclipseLogger - skip non existing resourceDirectory C:\Users\User\Documents\Hibernate\Hibernate-Abhilash\Hibernate-Abhilash\hibernate-first-project\src\test\resources
2022-03-02 21:57:06,985 [Worker-17: Building] INFO  o.e.m.c.i.embedder.EclipseLogger - Using 'UTF-8' encoding to copy filtered resources.
2022-03-02 21:57:06,986 [Worker-17: Building] INFO  o.e.m.c.i.embedder.EclipseLogger - Copying 1 resource
2022-03-02 21:57:06,988 [Worker-17: Building] INFO  o.e.m.c.i.embedder.EclipseLogger - Using 'UTF-8' encoding to copy filtered resources.
2022-03-02 21:57:06,989 [Worker-17: Building] INFO  o.e.m.c.i.embedder.EclipseLogger - skip non existing resourceDirectory C:\Users\User\Documents\Hibernate\Hibernate-Abhilash\Hibernate-Abhilash\hibernate-first-project\src\test\resources
2022-03-02 21:58:00,247 [Worker-12: Building] INFO  o.e.m.c.i.embedder.EclipseLogger - Using 'UTF-8' encoding to copy filtered resources.
2022-03-02 21:58:00,249 [Worker-12: Building] INFO  o.e.m.c.i.embedder.EclipseLogger - Copying 1 resource
2022-03-02 21:58:00,251 [Worker-12: Building] INFO  o.e.m.c.i.embedder.EclipseLogger - Using 'UTF-8' encoding to copy filtered resources.
2022-03-02 21:58:00,252 [Worker-12: Building] INFO  o.e.m.c.i.embedder.EclipseLogger - skip non existing resourceDirectory C:\Users\User\Documents\Hibernate\Hibernate-Abhilash\Hibernate-Abhilash\hibernate-first-project\src\test\resources
2022-03-02 21:58:58,522 [Worker-14: Building] INFO  o.e.m.c.i.embedder.EclipseLogger - Using 'UTF-8' encoding to copy filtered resources.
2022-03-02 21:58:58,524 [Worker-14: Building] INFO  o.e.m.c.i.embedder.EclipseLogger - Copying 1 resource
2022-03-02 21:58:58,527 [Worker-14: Building] INFO  o.e.m.c.i.embedder.EclipseLogger - Using 'UTF-8' encoding to copy filtered resources.
2022-03-02 21:58:58,527 [Worker-14: Building] INFO  o.e.m.c.i.embedder.EclipseLogger - skip non existing resourceDirectory C:\Users\User\Documents\Hibernate\Hibernate-Abhilash\Hibernate-Abhilash\hibernate-first-project\src\test\resources
2022-03-02 21:59:13,424 [Worker-17: Building] INFO  o.e.m.c.i.embedder.EclipseLogger - Using 'UTF-8' encoding to copy filtered resources.
2022-03-02 21:59:13,426 [Worker-17: Building] INFO  o.e.m.c.i.embedder.EclipseLogger - Copying 1 resource
2022-03-02 21:59:13,430 [Worker-17: Building] INFO  o.e.m.c.i.embedder.EclipseLogger - Using 'UTF-8' encoding to copy filtered resources.
2022-03-02 21:59:13,430 [Worker-17: Building] INFO  o.e.m.c.i.embedder.EclipseLogger - skip non existing resourceDirectory C:\Users\User\Documents\Hibernate\Hibernate-Abhilash\Hibernate-Abhilash\hibernate-first-project\src\test\resources
2022-03-02 22:00:25,074 [Worker-17: Building] INFO  o.e.m.c.i.embedder.EclipseLogger - Using 'UTF-8' encoding to copy filtered resources.
2022-03-02 22:00:25,075 [Worker-17: Building] INFO  o.e.m.c.i.embedder.EclipseLogger - Copying 1 resource
2022-03-02 22:00:25,082 [Worker-17: Building] INFO  o.e.m.c.i.embedder.EclipseLogger - Using 'UTF-8' encoding to copy filtered resources.
2022-03-02 22:00:25,082 [Worker-17: Building] INFO  o.e.m.c.i.embedder.EclipseLogger - skip non existing resourceDirectory C:\Users\User\Documents\Hibernate\Hibernate-Abhilash\Hibernate-Abhilash\hibernate-first-project\src\test\resources
2022-03-02 22:01:18,432 [Worker-3: Building] INFO  o.e.m.c.i.embedder.EclipseLogger - Using 'UTF-8' encoding to copy filtered resources.
2022-03-02 22:01:18,433 [Worker-3: Building] INFO  o.e.m.c.i.embedder.EclipseLogger - Copying 1 resource
2022-03-02 22:01:18,435 [Worker-3: Building] INFO  o.e.m.c.i.embedder.EclipseLogger - Using 'UTF-8' encoding to copy filtered resources.
2022-03-02 22:01:18,435 [Worker-3: Building] INFO  o.e.m.c.i.embedder.EclipseLogger - skip non existing resourceDirectory C:\Users\User\Documents\Hibernate\Hibernate-Abhilash\Hibernate-Abhilash\hibernate-first-project\src\test\resources
2022-03-02 22:01:33,370 [Worker-12: Building] INFO  o.e.m.c.i.embedder.EclipseLogger - Using 'UTF-8' encoding to copy filtered resources.
2022-03-02 22:01:33,372 [Worker-12: Building] INFO  o.e.m.c.i.embedder.EclipseLogger - Copying 1 resource
2022-03-02 22:01:33,374 [Worker-12: Building] INFO  o.e.m.c.i.embedder.EclipseLogger - Using 'UTF-8' encoding to copy filtered resources.
2022-03-02 22:01:33,374 [Worker-12: Building] INFO  o.e.m.c.i.embedder.EclipseLogger - skip non existing resourceDirectory C:\Users\User\Documents\Hibernate\Hibernate-Abhilash\Hibernate-Abhilash\hibernate-first-project\src\test\resources
2022-03-02 22:04:52,724 [Worker-13: Building] INFO  o.e.m.c.i.embedder.EclipseLogger - Using 'UTF-8' encoding to copy filtered resources.
2022-03-02 22:04:52,727 [Worker-13: Building] INFO  o.e.m.c.i.embedder.EclipseLogger - Copying 1 resource
2022-03-02 22:04:52,744 [Worker-13: Building] INFO  o.e.m.c.i.embedder.EclipseLogger - Using 'UTF-8' encoding to copy filtered resources.
2022-03-02 22:04:52,745 [Worker-13: Building] INFO  o.e.m.c.i.embedder.EclipseLogger - skip non existing resourceDirectory C:\Users\User\Documents\Hibernate\Hibernate-Abhilash\Hibernate-Abhilash\hibernate-first-project\src\test\resources
2022-03-02 22:05:54,713 [Worker-18: Building] INFO  o.e.m.c.i.embedder.EclipseLogger - Using 'UTF-8' encoding to copy filtered resources.
2022-03-02 22:05:54,715 [Worker-18: Building] INFO  o.e.m.c.i.embedder.EclipseLogger - Copying 1 resource
2022-03-02 22:05:54,717 [Worker-18: Building] INFO  o.e.m.c.i.embedder.EclipseLogger - Using 'UTF-8' encoding to copy filtered resources.
2022-03-02 22:05:54,717 [Worker-18: Building] INFO  o.e.m.c.i.embedder.EclipseLogger - skip non existing resourceDirectory C:\Users\User\Documents\Hibernate\Hibernate-Abhilash\Hibernate-Abhilash\hibernate-first-project\src\test\resources
2022-03-02 22:06:44,995 [Worker-12: Building] INFO  o.e.m.c.i.embedder.EclipseLogger - Using 'UTF-8' encoding to copy filtered resources.
2022-03-02 22:06:44,996 [Worker-12: Building] INFO  o.e.m.c.i.embedder.EclipseLogger - Copying 1 resource
2022-03-02 22:06:44,999 [Worker-12: Building] INFO  o.e.m.c.i.embedder.EclipseLogger - Using 'UTF-8' encoding to copy filtered resources.
2022-03-02 22:06:44,999 [Worker-12: Building] INFO  o.e.m.c.i.embedder.EclipseLogger - skip non existing resourceDirectory C:\Users\User\Documents\Hibernate\Hibernate-Abhilash\Hibernate-Abhilash\hibernate-first-project\src\test\resources
2022-03-02 22:09:34,875 [Worker-12: Building] INFO  o.e.m.c.i.embedder.EclipseLogger - Using 'UTF-8' encoding to copy filtered resources.
2022-03-02 22:09:34,876 [Worker-12: Building] INFO  o.e.m.c.i.embedder.EclipseLogger - Copying 1 resource
2022-03-02 22:09:34,878 [Worker-12: Building] INFO  o.e.m.c.i.embedder.EclipseLogger - Using 'UTF-8' encoding to copy filtered resources.
2022-03-02 22:09:34,878 [Worker-12: Building] INFO  o.e.m.c.i.embedder.EclipseLogger - skip non existing resourceDirectory C:\Users\User\Documents\Hibernate\Hibernate-Abhilash\Hibernate-Abhilash\hibernate-first-project\src\test\resources
2022-03-02 22:11:28,403 [Worker-20: Building] INFO  o.e.m.c.i.embedder.EclipseLogger - Using 'UTF-8' encoding to copy filtered resources.
2022-03-02 22:11:28,405 [Worker-20: Building] INFO  o.e.m.c.i.embedder.EclipseLogger - Copying 1 resource
2022-03-02 22:11:28,408 [Worker-20: Building] INFO  o.e.m.c.i.embedder.EclipseLogger - Using 'UTF-8' encoding to copy filtered resources.
2022-03-02 22:11:28,408 [Worker-20: Building] INFO  o.e.m.c.i.embedder.EclipseLogger - skip non existing resourceDirectory C:\Users\User\Documents\Hibernate\Hibernate-Abhilash\Hibernate-Abhilash\hibernate-first-project\src\test\resources
2022-03-02 22:11:43,745 [Worker-19: Building] INFO  o.e.m.c.i.embedder.EclipseLogger - Using 'UTF-8' encoding to copy filtered resources.
2022-03-02 22:11:43,746 [Worker-19: Building] INFO  o.e.m.c.i.embedder.EclipseLogger - Copying 1 resource
2022-03-02 22:11:43,752 [Worker-19: Building] INFO  o.e.m.c.i.embedder.EclipseLogger - Using 'UTF-8' encoding to copy filtered resources.
2022-03-02 22:11:43,752 [Worker-19: Building] INFO  o.e.m.c.i.embedder.EclipseLogger - skip non existing resourceDirectory C:\Users\User\Documents\Hibernate\Hibernate-Abhilash\Hibernate-Abhilash\hibernate-first-project\src\test\resources
2022-03-02 22:11:53,531 [Worker-12: Building] INFO  o.e.m.c.i.embedder.EclipseLogger - Using 'UTF-8' encoding to copy filtered resources.
2022-03-02 22:11:53,532 [Worker-12: Building] INFO  o.e.m.c.i.embedder.EclipseLogger - Copying 1 resource
2022-03-02 22:11:53,534 [Worker-12: Building] INFO  o.e.m.c.i.embedder.EclipseLogger - Using 'UTF-8' encoding to copy filtered resources.
2022-03-02 22:11:53,535 [Worker-12: Building] INFO  o.e.m.c.i.embedder.EclipseLogger - skip non existing resourceDirectory C:\Users\User\Documents\Hibernate\Hibernate-Abhilash\Hibernate-Abhilash\hibernate-first-project\src\test\resources
2022-03-02 22:12:13,436 [Worker-20: Building] INFO  o.e.m.c.i.embedder.EclipseLogger - Using 'UTF-8' encoding to copy filtered resources.
2022-03-02 22:12:13,437 [Worker-20: Building] INFO  o.e.m.c.i.embedder.EclipseLogger - Copying 1 resource
2022-03-02 22:12:13,440 [Worker-20: Building] INFO  o.e.m.c.i.embedder.EclipseLogger - Using 'UTF-8' encoding to copy filtered resources.
2022-03-02 22:12:13,440 [Worker-20: Building] INFO  o.e.m.c.i.embedder.EclipseLogger - skip non existing resourceDirectory C:\Users\User\Documents\Hibernate\Hibernate-Abhilash\Hibernate-Abhilash\hibernate-first-project\src\test\resources
2022-03-02 22:12:34,467 [Worker-20: Updating Maven Project] INFO  o.e.m.c.i.p.ProjectConfigurationManager - Update started
2022-03-02 22:12:34,931 [Worker-20: Updating Maven Project] INFO  o.e.m.c.i.l.LifecycleMappingFactory - Using org.eclipse.m2e.jdt.JarLifecycleMapping lifecycle mapping for MavenProject: com.seleniumexpress.hibernate:hibernate-first-project:0.0.1-SNAPSHOT @ C:\Users\User\Documents\Hibernate\Hibernate-Abhilash\Hibernate-Abhilash\hibernate-first-project\pom.xml.
2022-03-02 22:12:35,276 [Worker-20: Updating Maven Project] INFO  o.e.m.j.i.AbstractJavaProjectConfigurator - Adding source folder /hibernate-first-project/src/main/java
2022-03-02 22:12:35,277 [Worker-20: Updating Maven Project] INFO  o.e.m.j.i.AbstractJavaProjectConfigurator - Adding resource folder /hibernate-first-project/src/main/resources
2022-03-02 22:12:35,279 [Worker-20: Updating Maven Project] INFO  o.e.m.j.i.AbstractJavaProjectConfigurator - Adding source folder /hibernate-first-project/src/test/java
2022-03-02 22:12:35,462 [Worker-20: Updating Maven Project] INFO  o.e.m.c.i.p.ProjectConfigurationManager - Update completed: 0 sec
2022-03-02 22:12:35,963 [Worker-13: Building] INFO  o.e.m.c.i.embedder.EclipseLogger - Using 'UTF-8' encoding to copy filtered resources.
2022-03-02 22:12:35,964 [Worker-13: Building] INFO  o.e.m.c.i.embedder.EclipseLogger - Copying 1 resource
2022-03-02 22:12:35,994 [Worker-13: Building] INFO  o.e.m.c.i.embedder.EclipseLogger - Using 'UTF-8' encoding to copy filtered resources.
2022-03-02 22:12:35,995 [Worker-13: Building] INFO  o.e.m.c.i.embedder.EclipseLogger - skip non existing resourceDirectory C:\Users\User\Documents\Hibernate\Hibernate-Abhilash\Hibernate-Abhilash\hibernate-first-project\src\test\resources
2022-03-02 22:12:50,285 [Worker-20: Building] INFO  o.e.m.c.i.embedder.EclipseLogger - Using 'UTF-8' encoding to copy filtered resources.
2022-03-02 22:12:50,289 [Worker-20: Building] INFO  o.e.m.c.i.embedder.EclipseLogger - Copying 1 resource
2022-03-02 22:12:50,291 [Worker-20: Building] INFO  o.e.m.c.i.embedder.EclipseLogger - Using 'UTF-8' encoding to copy filtered resources.
2022-03-02 22:12:50,292 [Worker-20: Building] INFO  o.e.m.c.i.embedder.EclipseLogger - skip non existing resourceDirectory C:\Users\User\Documents\Hibernate\Hibernate-Abhilash\Hibernate-Abhilash\hibernate-first-project\src\test\resources
2022-03-02 22:13:04,955 [Worker-13: Building] INFO  o.e.m.c.i.embedder.EclipseLogger - Using 'UTF-8' encoding to copy filtered resources.
2022-03-02 22:13:04,956 [Worker-13: Building] INFO  o.e.m.c.i.embedder.EclipseLogger - Copying 1 resource
2022-03-02 22:13:04,957 [Worker-13: Building] INFO  o.e.m.c.i.embedder.EclipseLogger - Using 'UTF-8' encoding to copy filtered resources.
2022-03-02 22:13:04,958 [Worker-13: Building] INFO  o.e.m.c.i.embedder.EclipseLogger - skip non existing resourceDirectory C:\Users\User\Documents\Hibernate\Hibernate-Abhilash\Hibernate-Abhilash\hibernate-first-project\src\test\resources
2022-03-02 22:13:20,664 [Worker-13: Updating Maven Project] INFO  o.e.m.c.i.p.ProjectConfigurationManager - Update started
2022-03-02 22:13:21,102 [Worker-13: Updating Maven Project] INFO  o.e.m.c.i.l.LifecycleMappingFactory - Using org.eclipse.m2e.jdt.JarLifecycleMapping lifecycle mapping for MavenProject: com.seleniumexpress.hibernate:hibernate-first-project:0.0.1-SNAPSHOT @ C:\Users\User\Documents\Hibernate\Hibernate-Abhilash\Hibernate-Abhilash\hibernate-first-project\pom.xml.
2022-03-02 22:13:21,460 [Worker-13: Updating Maven Project] INFO  o.e.m.j.i.AbstractJavaProjectConfigurator - Adding source folder /hibernate-first-project/src/main/java
2022-03-02 22:13:21,460 [Worker-13: Updating Maven Project] INFO  o.e.m.j.i.AbstractJavaProjectConfigurator - Adding resource folder /hibernate-first-project/src/main/resources
2022-03-02 22:13:21,461 [Worker-13: Updating Maven Project] INFO  o.e.m.j.i.AbstractJavaProjectConfigurator - Adding source folder /hibernate-first-project/src/test/java
2022-03-02 22:13:21,611 [Worker-13: Updating Maven Project] INFO  o.e.m.c.i.p.ProjectConfigurationManager - Update completed: 0 sec
2022-03-02 22:13:22,162 [Worker-12: Building] INFO  o.e.m.c.i.embedder.EclipseLogger - Using 'UTF-8' encoding to copy filtered resources.
2022-03-02 22:13:22,163 [Worker-12: Building] INFO  o.e.m.c.i.embedder.EclipseLogger - Copying 1 resource
2022-03-02 22:13:22,179 [Worker-12: Building] INFO  o.e.m.c.i.embedder.EclipseLogger - Using 'UTF-8' encoding to copy filtered resources.
2022-03-02 22:13:22,179 [Worker-12: Building] INFO  o.e.m.c.i.embedder.EclipseLogger - skip non existing resourceDirectory C:\Users\User\Documents\Hibernate\Hibernate-Abhilash\Hibernate-Abhilash\hibernate-first-project\src\test\resources
2022-03-02 22:18:29,777 [Worker-22: Building] INFO  o.e.m.c.i.embedder.EclipseLogger - Using 'UTF-8' encoding to copy filtered resources.
2022-03-02 22:18:29,780 [Worker-22: Building] INFO  o.e.m.c.i.embedder.EclipseLogger - Copying 1 resource
2022-03-02 22:18:29,782 [Worker-22: Building] INFO  o.e.m.c.i.embedder.EclipseLogger - Using 'UTF-8' encoding to copy filtered resources.
2022-03-02 22:18:29,782 [Worker-22: Building] INFO  o.e.m.c.i.embedder.EclipseLogger - skip non existing resourceDirectory C:\Users\User\Documents\Hibernate\Hibernate-Abhilash\Hibernate-Abhilash\hibernate-first-project\src\test\resources
2022-03-02 22:19:42,293 [Worker-13: Building] INFO  o.e.m.c.i.embedder.EclipseLogger - Using 'UTF-8' encoding to copy filtered resources.
2022-03-02 22:19:42,294 [Worker-13: Building] INFO  o.e.m.c.i.embedder.EclipseLogger - Copying 1 resource
2022-03-02 22:19:42,296 [Worker-13: Building] INFO  o.e.m.c.i.embedder.EclipseLogger - Using 'UTF-8' encoding to copy filtered resources.
2022-03-02 22:19:42,297 [Worker-13: Building] INFO  o.e.m.c.i.embedder.EclipseLogger - skip non existing resourceDirectory C:\Users\User\Documents\Hibernate\Hibernate-Abhilash\Hibernate-Abhilash\hibernate-first-project\src\test\resources
2022-03-02 22:19:54,551 [Worker-22: Building] INFO  o.e.m.c.i.embedder.EclipseLogger - Using 'UTF-8' encoding to copy filtered resources.
2022-03-02 22:19:54,552 [Worker-22: Building] INFO  o.e.m.c.i.embedder.EclipseLogger - Copying 1 resource
2022-03-02 22:19:54,555 [Worker-22: Building] INFO  o.e.m.c.i.embedder.EclipseLogger - Using 'UTF-8' encoding to copy filtered resources.
2022-03-02 22:19:54,555 [Worker-22: Building] INFO  o.e.m.c.i.embedder.EclipseLogger - skip non existing resourceDirectory C:\Users\User\Documents\Hibernate\Hibernate-Abhilash\Hibernate-Abhilash\hibernate-first-project\src\test\resources
2022-03-02 22:20:33,275 [Worker-21: Building] INFO  o.e.m.c.i.embedder.EclipseLogger - Using 'UTF-8' encoding to copy filtered resources.
2022-03-02 22:20:33,277 [Worker-21: Building] INFO  o.e.m.c.i.embedder.EclipseLogger - Copying 1 resource
2022-03-02 22:20:33,278 [Worker-21: Building] INFO  o.e.m.c.i.embedder.EclipseLogger - Using 'UTF-8' encoding to copy filtered resources.
2022-03-02 22:20:33,279 [Worker-21: Building] INFO  o.e.m.c.i.embedder.EclipseLogger - skip non existing resourceDirectory C:\Users\User\Documents\Hibernate\Hibernate-Abhilash\Hibernate-Abhilash\hibernate-first-project\src\test\resources
2022-03-02 22:20:52,532 [Worker-12: Building] INFO  o.e.m.c.i.embedder.EclipseLogger - Using 'UTF-8' encoding to copy filtered resources.
2022-03-02 22:20:52,533 [Worker-12: Building] INFO  o.e.m.c.i.embedder.EclipseLogger - Copying 1 resource
2022-03-02 22:20:52,535 [Worker-12: Building] INFO  o.e.m.c.i.embedder.EclipseLogger - Using 'UTF-8' encoding to copy filtered resources.
2022-03-02 22:20:52,535 [Worker-12: Building] INFO  o.e.m.c.i.embedder.EclipseLogger - skip non existing resourceDirectory C:\Users\User\Documents\Hibernate\Hibernate-Abhilash\Hibernate-Abhilash\hibernate-first-project\src\test\resources
2022-03-02 22:21:29,816 [Worker-22: Building] INFO  o.e.m.c.i.embedder.EclipseLogger - Using 'UTF-8' encoding to copy filtered resources.
2022-03-02 22:21:29,817 [Worker-22: Building] INFO  o.e.m.c.i.embedder.EclipseLogger - Copying 1 resource
2022-03-02 22:21:29,819 [Worker-22: Building] INFO  o.e.m.c.i.embedder.EclipseLogger - Using 'UTF-8' encoding to copy filtered resources.
2022-03-02 22:21:29,819 [Worker-22: Building] INFO  o.e.m.c.i.embedder.EclipseLogger - skip non existing resourceDirectory C:\Users\User\Documents\Hibernate\Hibernate-Abhilash\Hibernate-Abhilash\hibernate-first-project\src\test\resources
2022-03-02 22:21:35,238 [Worker-12: Building] INFO  o.e.m.c.i.embedder.EclipseLogger - Using 'UTF-8' encoding to copy filtered resources.
2022-03-02 22:21:35,241 [Worker-12: Building] INFO  o.e.m.c.i.embedder.EclipseLogger - Copying 1 resource
2022-03-02 22:21:35,250 [Worker-12: Building] INFO  o.e.m.c.i.embedder.EclipseLogger - Using 'UTF-8' encoding to copy filtered resources.
2022-03-02 22:21:35,251 [Worker-12: Building] INFO  o.e.m.c.i.embedder.EclipseLogger - skip non existing resourceDirectory C:\Users\User\Documents\Hibernate\Hibernate-Abhilash\Hibernate-Abhilash\hibernate-first-project\src\test\resources
2022-03-02 22:21:39,657 [Worker-20: Building] INFO  o.e.m.c.i.embedder.EclipseLogger - Using 'UTF-8' encoding to copy filtered resources.
2022-03-02 22:21:39,658 [Worker-20: Building] INFO  o.e.m.c.i.embedder.EclipseLogger - Copying 1 resource
2022-03-02 22:21:39,660 [Worker-20: Building] INFO  o.e.m.c.i.embedder.EclipseLogger - Using 'UTF-8' encoding to copy filtered resources.
2022-03-02 22:21:39,661 [Worker-20: Building] INFO  o.e.m.c.i.embedder.EclipseLogger - skip non existing resourceDirectory C:\Users\User\Documents\Hibernate\Hibernate-Abhilash\Hibernate-Abhilash\hibernate-first-project\src\test\resources
2022-04-07 09:31:44,943 [Worker-1: Loading available Gradle versions] INFO  o.e.b.c.i.u.g.PublishedGradleVersions - Gradle version information cache is up-to-date. Trying to read.
2022-04-07 09:46:55,306 [Worker-18: Building] INFO  o.e.m.c.i.l.LifecycleMappingFactory - Using org.eclipse.m2e.jdt.JarLifecycleMapping lifecycle mapping for MavenProject: com.seleniumexpress.hibernate:hibernate-first-project:0.0.1-SNAPSHOT @ C:\Users\User\Documents\Hibernate\Hibernate-Abhilash\Hibernate-Abhilash\hibernate-first-project\pom.xml.
2022-04-07 09:47:05,609 [Worker-18: Building] INFO  o.e.m.c.i.e.AbstractTransferListenerAdapter - Downloading https://repo.maven.apache.org/maven2/log4j/log4j/1.2.17/log4j-1.2.17.pom
2022-04-07 09:47:06,264 [Worker-18: Building] INFO  o.e.m.c.i.e.AbstractTransferListenerAdapter - Downloaded https://repo.maven.apache.org/maven2/log4j/log4j/1.2.17/log4j-1.2.17.pom
2022-04-07 09:47:07,352 [Worker-18: Building] INFO  o.e.m.c.i.e.AbstractTransferListenerAdapter - Downloading https://repo.maven.apache.org/maven2/log4j/log4j/1.2.17/log4j-1.2.17.jar
2022-04-07 09:47:12,029 [Worker-18: Building] INFO  o.e.m.c.i.e.AbstractTransferListenerAdapter - Downloaded https://repo.maven.apache.org/maven2/log4j/log4j/1.2.17/log4j-1.2.17.jar
2022-04-07 09:47:12,695 [Worker-18: Building] INFO  o.e.m.c.i.embedder.EclipseLogger - Using 'UTF-8' encoding to copy filtered resources.
2022-04-07 09:47:12,702 [Worker-18: Building] INFO  o.e.m.c.i.embedder.EclipseLogger - Copying 1 resource
2022-04-07 09:47:12,714 [Worker-18: Building] INFO  o.e.m.c.i.embedder.EclipseLogger - Using 'UTF-8' encoding to copy filtered resources.
2022-04-07 09:47:12,714 [Worker-18: Building] INFO  o.e.m.c.i.embedder.EclipseLogger - skip non existing resourceDirectory C:\Users\User\Documents\Hibernate\Hibernate-Abhilash\Hibernate-Abhilash\hibernate-first-project\src\test\resources
2022-04-07 09:47:14,337 [Worker-18: Building] INFO  o.e.m.c.i.embedder.EclipseLogger - Using 'UTF-8' encoding to copy filtered resources.
2022-04-07 09:47:14,342 [Worker-18: Building] INFO  o.e.m.c.i.embedder.EclipseLogger - Copying 1 resource
2022-04-07 09:47:14,355 [Worker-18: Building] INFO  o.e.m.c.i.embedder.EclipseLogger - Using 'UTF-8' encoding to copy filtered resources.
2022-04-07 09:47:14,355 [Worker-18: Building] INFO  o.e.m.c.i.embedder.EclipseLogger - skip non existing resourceDirectory C:\Users\User\Documents\Hibernate\Hibernate-Abhilash\Hibernate-Abhilash\hibernate-first-project\src\test\resources
2022-04-07 09:47:18,646 [Worker-19: Download sources and javadoc] INFO  o.e.m.c.i.e.AbstractTransferListenerAdapter - Downloading https://repo.maven.apache.org/maven2/log4j/log4j/1.2.17/log4j-1.2.17-sources.jar
2022-04-07 09:47:21,018 [Worker-19: Download sources and javadoc] INFO  o.e.m.c.i.e.AbstractTransferListenerAdapter - Downloaded https://repo.maven.apache.org/maven2/log4j/log4j/1.2.17/log4j-1.2.17-sources.jar
2022-04-07 09:47:21,102 [Worker-19: Download sources and javadoc] INFO  o.e.m.j.internal.DownloadSourcesJob - Downloaded sources for log4j:log4j:1.2.17
2022-04-07 09:47:21,336 [Worker-16: Building] INFO  o.e.m.c.i.embedder.EclipseLogger - Using 'UTF-8' encoding to copy filtered resources.
2022-04-07 09:47:21,337 [Worker-16: Building] INFO  o.e.m.c.i.embedder.EclipseLogger - Copying 0 resource
2022-04-07 09:47:21,341 [Worker-16: Building] INFO  o.e.m.c.i.embedder.EclipseLogger - Using 'UTF-8' encoding to copy filtered resources.
2022-04-07 09:47:21,341 [Worker-16: Building] INFO  o.e.m.c.i.embedder.EclipseLogger - skip non existing resourceDirectory C:\Users\User\Documents\Hibernate\Hibernate-Abhilash\Hibernate-Abhilash\hibernate-first-project\src\test\resources
2022-04-07 09:49:15,975 [Worker-0: Loading available Gradle versions] INFO  o.e.b.c.i.u.g.PublishedGradleVersions - Gradle version information cache is up-to-date. Trying to read.
2022-04-07 09:50:11,877 [Worker-10: Building] INFO  o.e.m.c.i.l.LifecycleMappingFactory - Using org.eclipse.m2e.jdt.JarLifecycleMapping lifecycle mapping for MavenProject: com.seleniumexpress.hibernate:hibernate-first-project:0.0.1-SNAPSHOT @ C:\Users\User\Documents\Hibernate\Hibernate-Abhilash\Hibernate-Abhilash\hibernate-first-project\pom.xml.
2022-04-07 09:50:13,361 [Worker-10: Building] INFO  o.e.m.c.i.embedder.EclipseLogger - Using 'UTF-8' encoding to copy filtered resources.
2022-04-07 09:50:13,368 [Worker-10: Building] INFO  o.e.m.c.i.embedder.EclipseLogger - Copying 1 resource
2022-04-07 09:50:13,379 [Worker-10: Building] INFO  o.e.m.c.i.embedder.EclipseLogger - Using 'UTF-8' encoding to copy filtered resources.
2022-04-07 09:50:13,379 [Worker-10: Building] INFO  o.e.m.c.i.embedder.EclipseLogger - skip non existing resourceDirectory C:\Users\User\Documents\Hibernate\Hibernate-Abhilash\Hibernate-Abhilash\hibernate-first-project\src\test\resources
2022-04-07 09:50:31,099 [Worker-4: Updating Maven Project] INFO  o.e.m.c.i.p.ProjectConfigurationManager - Update started
2022-04-07 09:50:31,844 [Worker-4: Updating Maven Project] INFO  o.e.m.c.i.l.LifecycleMappingFactory - Using org.eclipse.m2e.jdt.JarLifecycleMapping lifecycle mapping for MavenProject: com.seleniumexpress.hibernate:hibernate-first-project:0.0.1-SNAPSHOT @ C:\Users\User\Documents\Hibernate\Hibernate-Abhilash\Hibernate-Abhilash\hibernate-first-project\pom.xml.
2022-04-07 09:50:33,116 [Worker-4: Updating Maven Project] INFO  o.e.m.j.i.AbstractJavaProjectConfigurator - Adding source folder /hibernate-first-project/src/main/java
2022-04-07 09:50:33,117 [Worker-4: Updating Maven Project] INFO  o.e.m.j.i.AbstractJavaProjectConfigurator - Adding resource folder /hibernate-first-project/src/main/resources
2022-04-07 09:50:33,123 [Worker-4: Updating Maven Project] INFO  o.e.m.j.i.AbstractJavaProjectConfigurator - Adding source folder /hibernate-first-project/src/test/java
2022-04-07 09:50:33,893 [Worker-4: Updating Maven Project] INFO  o.e.m.c.i.p.ProjectConfigurationManager - Update completed: 2 sec
2022-04-07 09:50:37,394 [Worker-9: Building] INFO  o.e.m.c.i.embedder.EclipseLogger - Using 'UTF-8' encoding to copy filtered resources.
2022-04-07 09:50:37,397 [Worker-9: Building] INFO  o.e.m.c.i.embedder.EclipseLogger - Copying 1 resource
2022-04-07 09:50:37,421 [Worker-9: Building] INFO  o.e.m.c.i.embedder.EclipseLogger - Using 'UTF-8' encoding to copy filtered resources.
2022-04-07 09:50:37,422 [Worker-9: Building] INFO  o.e.m.c.i.embedder.EclipseLogger - skip non existing resourceDirectory C:\Users\User\Documents\Hibernate\Hibernate-Abhilash\Hibernate-Abhilash\hibernate-first-project\src\test\resources
2022-04-07 09:52:00,871 [Worker-6: Building] INFO  o.e.m.c.i.l.LifecycleMappingFactory - Using org.eclipse.m2e.jdt.JarLifecycleMapping lifecycle mapping for MavenProject: com.seleniumexpress.hibernate:hibernate-first-project:0.0.1-SNAPSHOT @ C:\Users\User\Documents\Hibernate\Hibernate-Abhilash\Hibernate-Abhilash\hibernate-first-project\pom.xml.
2022-04-07 09:52:01,429 [Worker-6: Building] INFO  o.e.m.c.i.embedder.EclipseLogger - Using 'UTF-8' encoding to copy filtered resources.
2022-04-07 09:52:01,432 [Worker-6: Building] INFO  o.e.m.c.i.embedder.EclipseLogger - Copying 0 resource
2022-04-07 09:52:01,436 [Worker-6: Building] INFO  o.e.m.c.i.embedder.EclipseLogger - Using 'UTF-8' encoding to copy filtered resources.
2022-04-07 09:52:01,437 [Worker-6: Building] INFO  o.e.m.c.i.embedder.EclipseLogger - skip non existing resourceDirectory C:\Users\User\Documents\Hibernate\Hibernate-Abhilash\Hibernate-Abhilash\hibernate-first-project\src\test\resources
2022-04-07 09:52:03,337 [Worker-12: Building] INFO  o.e.m.c.i.embedder.EclipseLogger - Using 'UTF-8' encoding to copy filtered resources.
2022-04-07 09:52:03,340 [Worker-12: Building] INFO  o.e.m.c.i.embedder.EclipseLogger - Copying 1 resource
2022-04-07 09:52:03,356 [Worker-12: Building] INFO  o.e.m.c.i.embedder.EclipseLogger - Using 'UTF-8' encoding to copy filtered resources.
2022-04-07 09:52:03,357 [Worker-12: Building] INFO  o.e.m.c.i.embedder.EclipseLogger - skip non existing resourceDirectory C:\Users\User\Documents\Hibernate\Hibernate-Abhilash\Hibernate-Abhilash\hibernate-first-project\src\test\resources
2022-04-07 09:52:22,231 [Worker-6: Updating Maven Project] INFO  o.e.m.c.i.p.ProjectConfigurationManager - Update started
2022-04-07 09:52:22,734 [Worker-6: Updating Maven Project] INFO  o.e.m.c.i.l.LifecycleMappingFactory - Using org.eclipse.m2e.jdt.JarLifecycleMapping lifecycle mapping for MavenProject: com.seleniumexpress.hibernate:hibernate-first-project:0.0.1-SNAPSHOT @ C:\Users\User\Documents\Hibernate\Hibernate-Abhilash\Hibernate-Abhilash\hibernate-first-project\pom.xml.
2022-04-07 09:52:23,119 [Worker-6: Updating Maven Project] INFO  o.e.m.j.i.AbstractJavaProjectConfigurator - Adding source folder /hibernate-first-project/src/main/java
2022-04-07 09:52:23,120 [Worker-6: Updating Maven Project] INFO  o.e.m.j.i.AbstractJavaProjectConfigurator - Adding resource folder /hibernate-first-project/src/main/resources
2022-04-07 09:52:23,121 [Worker-6: Updating Maven Project] INFO  o.e.m.j.i.AbstractJavaProjectConfigurator - Adding source folder /hibernate-first-project/src/test/java
2022-04-07 09:52:23,331 [Worker-6: Updating Maven Project] INFO  o.e.m.c.i.p.ProjectConfigurationManager - Update completed: 1 sec
2022-04-07 09:52:24,021 [Worker-1: Building] INFO  o.e.m.c.i.embedder.EclipseLogger - Using 'UTF-8' encoding to copy filtered resources.
2022-04-07 09:52:24,022 [Worker-1: Building] INFO  o.e.m.c.i.embedder.EclipseLogger - Copying 1 resource
2022-04-07 09:52:24,039 [Worker-1: Building] INFO  o.e.m.c.i.embedder.EclipseLogger - Using 'UTF-8' encoding to copy filtered resources.
2022-04-07 09:52:24,040 [Worker-1: Building] INFO  o.e.m.c.i.embedder.EclipseLogger - skip non existing resourceDirectory C:\Users\User\Documents\Hibernate\Hibernate-Abhilash\Hibernate-Abhilash\hibernate-first-project\src\test\resources
2022-04-07 09:53:18,579 [Worker-13: Building] INFO  o.e.m.c.i.embedder.EclipseLogger - Using 'UTF-8' encoding to copy filtered resources.
2022-04-07 09:53:18,583 [Worker-13: Building] INFO  o.e.m.c.i.embedder.EclipseLogger - Copying 1 resource
2022-04-07 09:53:18,595 [Worker-13: Building] INFO  o.e.m.c.i.embedder.EclipseLogger - Using 'UTF-8' encoding to copy filtered resources.
2022-04-07 09:53:18,595 [Worker-13: Building] INFO  o.e.m.c.i.embedder.EclipseLogger - skip non existing resourceDirectory C:\Users\User\Documents\Hibernate\Hibernate-Abhilash\Hibernate-Abhilash\hibernate-first-project\src\test\resources
2022-04-07 10:04:03,867 [Worker-12: Building] INFO  o.e.m.c.i.embedder.EclipseLogger - Using 'UTF-8' encoding to copy filtered resources.
2022-04-07 10:04:03,868 [Worker-12: Building] INFO  o.e.m.c.i.embedder.EclipseLogger - Copying 1 resource
2022-04-07 10:04:03,876 [Worker-12: Building] INFO  o.e.m.c.i.embedder.EclipseLogger - Using 'UTF-8' encoding to copy filtered resources.
2022-04-07 10:04:03,876 [Worker-12: Building] INFO  o.e.m.c.i.embedder.EclipseLogger - skip non existing resourceDirectory C:\Users\User\Documents\Hibernate\Hibernate-Abhilash\Hibernate-Abhilash\hibernate-first-project\src\test\resources
2022-04-07 10:04:29,654 [Worker-12: Building] INFO  o.e.m.c.i.embedder.EclipseLogger - Using 'UTF-8' encoding to copy filtered resources.
2022-04-07 10:04:29,655 [Worker-12: Building] INFO  o.e.m.c.i.embedder.EclipseLogger - Copying 1 resource
2022-04-07 10:04:29,660 [Worker-12: Building] INFO  o.e.m.c.i.embedder.EclipseLogger - Using 'UTF-8' encoding to copy filtered resources.
2022-04-07 10:04:29,661 [Worker-12: Building] INFO  o.e.m.c.i.embedder.EclipseLogger - skip non existing resourceDirectory C:\Users\User\Documents\Hibernate\Hibernate-Abhilash\Hibernate-Abhilash\hibernate-first-project\src\test\resources
2022-04-07 10:05:49,626 [Worker-17: Building] INFO  o.e.m.c.i.embedder.EclipseLogger - Using 'UTF-8' encoding to copy filtered resources.
2022-04-07 10:05:49,628 [Worker-17: Building] INFO  o.e.m.c.i.embedder.EclipseLogger - Copying 2 resources
2022-04-07 10:05:49,630 [Worker-17: Building] INFO  o.e.m.c.i.embedder.EclipseLogger - Using 'UTF-8' encoding to copy filtered resources.
2022-04-07 10:05:49,631 [Worker-17: Building] INFO  o.e.m.c.i.embedder.EclipseLogger - skip non existing resourceDirectory C:\Users\User\Documents\Hibernate\Hibernate-Abhilash\Hibernate-Abhilash\hibernate-first-project\src\test\resources
2022-04-07 10:05:58,024 [Worker-15: Updating Maven Project] INFO  o.e.m.c.i.p.ProjectConfigurationManager - Update started
2022-04-07 10:05:58,515 [Worker-15: Updating Maven Project] INFO  o.e.m.c.i.l.LifecycleMappingFactory - Using org.eclipse.m2e.jdt.JarLifecycleMapping lifecycle mapping for MavenProject: com.seleniumexpress.hibernate:hibernate-first-project:0.0.1-SNAPSHOT @ C:\Users\User\Documents\Hibernate\Hibernate-Abhilash\Hibernate-Abhilash\hibernate-first-project\pom.xml.
2022-04-07 10:05:58,886 [Worker-15: Updating Maven Project] INFO  o.e.m.j.i.AbstractJavaProjectConfigurator - Adding source folder /hibernate-first-project/src/main/java
2022-04-07 10:05:58,887 [Worker-15: Updating Maven Project] INFO  o.e.m.j.i.AbstractJavaProjectConfigurator - Adding resource folder /hibernate-first-project/src/main/resources
2022-04-07 10:05:58,888 [Worker-15: Updating Maven Project] INFO  o.e.m.j.i.AbstractJavaProjectConfigurator - Adding source folder /hibernate-first-project/src/test/java
2022-04-07 10:05:59,088 [Worker-15: Updating Maven Project] INFO  o.e.m.c.i.p.ProjectConfigurationManager - Update completed: 1 sec
2022-04-07 10:05:59,517 [Worker-14: Building] INFO  o.e.m.c.i.embedder.EclipseLogger - Using 'UTF-8' encoding to copy filtered resources.
2022-04-07 10:05:59,518 [Worker-14: Building] INFO  o.e.m.c.i.embedder.EclipseLogger - Copying 2 resources
2022-04-07 10:05:59,538 [Worker-14: Building] INFO  o.e.m.c.i.embedder.EclipseLogger - Using 'UTF-8' encoding to copy filtered resources.
2022-04-07 10:05:59,539 [Worker-14: Building] INFO  o.e.m.c.i.embedder.EclipseLogger - skip non existing resourceDirectory C:\Users\User\Documents\Hibernate\Hibernate-Abhilash\Hibernate-Abhilash\hibernate-first-project\src\test\resources
2022-04-07 10:07:28,007 [Worker-12: Building] INFO  o.e.m.c.i.embedder.EclipseLogger - Using 'UTF-8' encoding to copy filtered resources.
2022-04-07 10:07:28,010 [Worker-12: Building] INFO  o.e.m.c.i.embedder.EclipseLogger - Copying 1 resource
2022-04-07 10:07:28,017 [Worker-12: Building] INFO  o.e.m.c.i.embedder.EclipseLogger - Using 'UTF-8' encoding to copy filtered resources.
2022-04-07 10:07:28,018 [Worker-12: Building] INFO  o.e.m.c.i.embedder.EclipseLogger - skip non existing resourceDirectory C:\Users\User\Documents\Hibernate\Hibernate-Abhilash\Hibernate-Abhilash\hibernate-first-project\src\test\resources
2022-04-07 10:07:42,356 [Worker-16: Updating Maven Project] INFO  o.e.m.c.i.p.ProjectConfigurationManager - Update started
2022-04-07 10:07:42,823 [Worker-16: Updating Maven Project] INFO  o.e.m.c.i.l.LifecycleMappingFactory - Using org.eclipse.m2e.jdt.JarLifecycleMapping lifecycle mapping for MavenProject: com.seleniumexpress.hibernate:hibernate-first-project:0.0.1-SNAPSHOT @ C:\Users\User\Documents\Hibernate\Hibernate-Abhilash\Hibernate-Abhilash\hibernate-first-project\pom.xml.
2022-04-07 10:07:43,148 [Worker-16: Updating Maven Project] INFO  o.e.m.j.i.AbstractJavaProjectConfigurator - Adding source folder /hibernate-first-project/src/main/java
2022-04-07 10:07:43,148 [Worker-16: Updating Maven Project] INFO  o.e.m.j.i.AbstractJavaProjectConfigurator - Adding resource folder /hibernate-first-project/src/main/resources
2022-04-07 10:07:43,149 [Worker-16: Updating Maven Project] INFO  o.e.m.j.i.AbstractJavaProjectConfigurator - Adding source folder /hibernate-first-project/src/test/java
2022-04-07 10:07:43,384 [Worker-16: Updating Maven Project] INFO  o.e.m.c.i.p.ProjectConfigurationManager - Update completed: 1 sec
2022-04-07 10:07:43,916 [Worker-14: Building] INFO  o.e.m.c.i.embedder.EclipseLogger - Using 'UTF-8' encoding to copy filtered resources.
2022-04-07 10:07:43,917 [Worker-14: Building] INFO  o.e.m.c.i.embedder.EclipseLogger - Copying 2 resources
2022-04-07 10:07:43,939 [Worker-14: Building] INFO  o.e.m.c.i.embedder.EclipseLogger - Using 'UTF-8' encoding to copy filtered resources.
2022-04-07 10:07:43,939 [Worker-14: Building] INFO  o.e.m.c.i.embedder.EclipseLogger - skip non existing resourceDirectory C:\Users\User\Documents\Hibernate\Hibernate-Abhilash\Hibernate-Abhilash\hibernate-first-project\src\test\resources
2022-04-07 10:28:43,554 [Worker-14: Building] INFO  o.e.m.c.i.embedder.EclipseLogger - Using 'UTF-8' encoding to copy filtered resources.
2022-04-07 10:28:43,557 [Worker-14: Building] INFO  o.e.m.c.i.embedder.EclipseLogger - Copying 2 resources
2022-04-07 10:28:43,560 [Worker-14: Building] INFO  o.e.m.c.i.embedder.EclipseLogger - Using 'UTF-8' encoding to copy filtered resources.
2022-04-07 10:28:43,561 [Worker-14: Building] INFO  o.e.m.c.i.embedder.EclipseLogger - skip non existing resourceDirectory C:\Users\User\Documents\Hibernate\Hibernate-Abhilash\Hibernate-Abhilash\hibernate-first-project\src\test\resources
2022-04-07 10:31:30,264 [Worker-22: Building] INFO  o.e.m.c.i.embedder.EclipseLogger - Using 'UTF-8' encoding to copy filtered resources.
2022-04-07 10:31:30,266 [Worker-22: Building] INFO  o.e.m.c.i.embedder.EclipseLogger - Copying 2 resources
2022-04-07 10:31:30,269 [Worker-22: Building] INFO  o.e.m.c.i.embedder.EclipseLogger - Using 'UTF-8' encoding to copy filtered resources.
2022-04-07 10:31:30,269 [Worker-22: Building] INFO  o.e.m.c.i.embedder.EclipseLogger - skip non existing resourceDirectory C:\Users\User\Documents\Hibernate\Hibernate-Abhilash\Hibernate-Abhilash\hibernate-first-project\src\test\resources
2022-04-07 14:23:07,450 [Worker-30: Building] INFO  o.e.m.c.i.embedder.EclipseLogger - Using 'UTF-8' encoding to copy filtered resources.
2022-04-07 14:23:07,452 [Worker-30: Building] INFO  o.e.m.c.i.embedder.EclipseLogger - Copying 2 resources
2022-04-07 14:23:07,455 [Worker-30: Building] INFO  o.e.m.c.i.embedder.EclipseLogger - Using 'UTF-8' encoding to copy filtered resources.
2022-04-07 14:23:07,455 [Worker-30: Building] INFO  o.e.m.c.i.embedder.EclipseLogger - skip non existing resourceDirectory C:\Users\User\Documents\Hibernate\Hibernate-Abhilash\Hibernate-Abhilash\hibernate-first-project\src\test\resources
2022-04-07 15:53:25,823 [Worker-1: Loading available Gradle versions] INFO  o.e.b.c.i.u.g.PublishedGradleVersions - Gradle version information cache is up-to-date. Trying to read.
2022-04-07 15:54:16,953 [Worker-3: Building] INFO  o.e.m.c.i.embedder.EclipseLogger - Using 'UTF-8' encoding to copy filtered resources.
2022-04-07 15:54:16,969 [Worker-3: Building] INFO  o.e.m.c.i.embedder.EclipseLogger - Copying 2 resources
2022-04-07 15:54:16,989 [Worker-3: Building] INFO  o.e.m.c.i.embedder.EclipseLogger - Using 'UTF-8' encoding to copy filtered resources.
2022-04-07 15:54:16,989 [Worker-3: Building] INFO  o.e.m.c.i.embedder.EclipseLogger - skip non existing resourceDirectory C:\Users\User\Documents\Hibernate\Hibernate-Abhilash\Hibernate-Abhilash\hibernate-first-project\src\test\resources
2022-04-07 17:31:42,855 [Worker-16: Building] INFO  o.e.m.c.i.embedder.EclipseLogger - Using 'UTF-8' encoding to copy filtered resources.
2022-04-07 17:31:42,905 [Worker-16: Building] INFO  o.e.m.c.i.embedder.EclipseLogger - Copying 2 resources
2022-04-07 17:31:42,911 [Worker-16: Building] INFO  o.e.m.c.i.embedder.EclipseLogger - Using 'UTF-8' encoding to copy filtered resources.
2022-04-07 17:31:42,912 [Worker-16: Building] INFO  o.e.m.c.i.embedder.EclipseLogger - skip non existing resourceDirectory C:\Users\User\Documents\Hibernate\Hibernate-Abhilash\Hibernate-Abhilash\hibernate-first-project\src\test\resources
2022-04-07 17:37:34,905 [Worker-20: Building] INFO  o.e.m.c.i.embedder.EclipseLogger - Using 'UTF-8' encoding to copy filtered resources.
2022-04-07 17:37:34,907 [Worker-20: Building] INFO  o.e.m.c.i.embedder.EclipseLogger - Copying 2 resources
2022-04-07 17:37:34,910 [Worker-20: Building] INFO  o.e.m.c.i.embedder.EclipseLogger - Using 'UTF-8' encoding to copy filtered resources.
2022-04-07 17:37:34,911 [Worker-20: Building] INFO  o.e.m.c.i.embedder.EclipseLogger - skip non existing resourceDirectory C:\Users\User\Documents\Hibernate\Hibernate-Abhilash\Hibernate-Abhilash\hibernate-first-project\src\test\resources
2022-04-07 17:37:54,904 [Worker-16: Building] INFO  o.e.m.c.i.embedder.EclipseLogger - Using 'UTF-8' encoding to copy filtered resources.
2022-04-07 17:37:54,905 [Worker-16: Building] INFO  o.e.m.c.i.embedder.EclipseLogger - Copying 2 resources
2022-04-07 17:37:54,910 [Worker-16: Building] INFO  o.e.m.c.i.embedder.EclipseLogger - Using 'UTF-8' encoding to copy filtered resources.
2022-04-07 17:37:54,911 [Worker-16: Building] INFO  o.e.m.c.i.embedder.EclipseLogger - skip non existing resourceDirectory C:\Users\User\Documents\Hibernate\Hibernate-Abhilash\Hibernate-Abhilash\hibernate-first-project\src\test\resources
2022-04-07 17:38:28,013 [Worker-17: Building] INFO  o.e.m.c.i.embedder.EclipseLogger - Using 'UTF-8' encoding to copy filtered resources.
2022-04-07 17:38:28,015 [Worker-17: Building] INFO  o.e.m.c.i.embedder.EclipseLogger - Copying 2 resources
2022-04-07 17:38:28,017 [Worker-17: Building] INFO  o.e.m.c.i.embedder.EclipseLogger - Using 'UTF-8' encoding to copy filtered resources.
2022-04-07 17:38:28,018 [Worker-17: Building] INFO  o.e.m.c.i.embedder.EclipseLogger - skip non existing resourceDirectory C:\Users\User\Documents\Hibernate\Hibernate-Abhilash\Hibernate-Abhilash\hibernate-first-project\src\test\resources
2022-04-07 17:39:09,045 [Worker-21: Building] INFO  o.e.m.c.i.embedder.EclipseLogger - Using 'UTF-8' encoding to copy filtered resources.
2022-04-07 17:39:09,046 [Worker-21: Building] INFO  o.e.m.c.i.embedder.EclipseLogger - Copying 2 resources
2022-04-07 17:39:09,049 [Worker-21: Building] INFO  o.e.m.c.i.embedder.EclipseLogger - Using 'UTF-8' encoding to copy filtered resources.
2022-04-07 17:39:09,049 [Worker-21: Building] INFO  o.e.m.c.i.embedder.EclipseLogger - skip non existing resourceDirectory C:\Users\User\Documents\Hibernate\Hibernate-Abhilash\Hibernate-Abhilash\hibernate-first-project\src\test\resources
2022-04-07 17:40:26,153 [Worker-17: Building] INFO  o.e.m.c.i.embedder.EclipseLogger - Using 'UTF-8' encoding to copy filtered resources.
2022-04-07 17:40:26,155 [Worker-17: Building] INFO  o.e.m.c.i.embedder.EclipseLogger - Copying 2 resources
2022-04-07 17:40:26,157 [Worker-17: Building] INFO  o.e.m.c.i.embedder.EclipseLogger - Using 'UTF-8' encoding to copy filtered resources.
2022-04-07 17:40:26,158 [Worker-17: Building] INFO  o.e.m.c.i.embedder.EclipseLogger - skip non existing resourceDirectory C:\Users\User\Documents\Hibernate\Hibernate-Abhilash\Hibernate-Abhilash\hibernate-first-project\src\test\resources
2022-04-07 17:40:52,723 [Worker-16: Building] INFO  o.e.m.c.i.embedder.EclipseLogger - Using 'UTF-8' encoding to copy filtered resources.
2022-04-07 17:40:52,725 [Worker-16: Building] INFO  o.e.m.c.i.embedder.EclipseLogger - Copying 2 resources
2022-04-07 17:40:52,727 [Worker-16: Building] INFO  o.e.m.c.i.embedder.EclipseLogger - Using 'UTF-8' encoding to copy filtered resources.
2022-04-07 17:40:52,728 [Worker-16: Building] INFO  o.e.m.c.i.embedder.EclipseLogger - skip non existing resourceDirectory C:\Users\User\Documents\Hibernate\Hibernate-Abhilash\Hibernate-Abhilash\hibernate-first-project\src\test\resources
